[NotebookApp | INFO] Loading the validate_assignment nbgrader serverextension
[NotebookApp | INFO] Serving notebooks from local directory: /Users/malte/Dropbox/projects/q-learning-introduction
[NotebookApp | INFO] 0 active kernels 
[NotebookApp | INFO] The Jupyter Notebook is running at: http://localhost:8888/?token=9a76553f2ae46faff4111a3c6ac761079173dd6d08b201f8
[NotebookApp | INFO] Use Control-C to stop this server and shut down all kernels (twice to skip confirmation).
[NotebookApp | CRITICAL] 
    
    Copy/paste this URL into your browser when you connect for the first time,
    to login with a token:
        http://localhost:8888/?token=9a76553f2ae46faff4111a3c6ac761079173dd6d08b201f8
[NotebookApp | INFO] Accepting one-time-token-authenticated connection from ::1
[NotebookApp | INFO] Kernel started: 18aab543-27ab-4bc3-a903-b6ce8ba4096e
[NotebookApp | INFO] Adapting to protocol v5.1 for kernel 18aab543-27ab-4bc3-a903-b6ce8ba4096e
[NotebookApp | INFO] Kernel started: 74a41df4-7c21-403b-bf87-3f7d5ee0a9fd
[NotebookApp | INFO] 302 GET /notebooks/rl1_q_learning/img/agent-environment.png (::1) 2.42ms
[NotebookApp | INFO] 302 GET /notebooks/rl1_q_learning/img/gold.png (::1) 1.18ms
[NotebookApp | INFO] 302 GET /notebooks/rl1_q_learning/img/q.png (::1) 1.79ms
[NotebookApp | INFO] 302 GET /notebooks/rl1_q_learning/img/lc_example.png (::1) 1.16ms
[NotebookApp | INFO] Adapting to protocol v5.1 for kernel 74a41df4-7c21-403b-bf87-3f7d5ee0a9fd
[NotebookApp | INFO] Kernel started: 0ea1c5a8-640f-425f-9eac-25804d12e256
[NotebookApp | INFO] Adapting to protocol v5.1 for kernel 0ea1c5a8-640f-425f-9eac-25804d12e256
[NotebookApp | INFO] Loading the validate_assignment nbgrader serverextension
[NotebookApp | INFO] Serving notebooks from local directory: /Users/malte/Dropbox/projects/q-learning-introduction
[NotebookApp | INFO] 0 active kernels 
[NotebookApp | INFO] The Jupyter Notebook is running at: http://localhost:8888/?token=d7c9c66ba6a0f783457c006d714cd62e4e4f5ab97f7ecb97
[NotebookApp | INFO] Use Control-C to stop this server and shut down all kernels (twice to skip confirmation).
[NotebookApp | CRITICAL] 
    
    Copy/paste this URL into your browser when you connect for the first time,
    to login with a token:
        http://localhost:8888/?token=d7c9c66ba6a0f783457c006d714cd62e4e4f5ab97f7ecb97
[NotebookApp | INFO] Accepting one-time-token-authenticated connection from ::1
[NotebookApp | INFO] interrupted
[NotebookApp | CRITICAL] Shutdown confirmed
[NotebookApp | INFO] Shutting down kernels
[NotebookApp | INFO] Loading the validate_assignment nbgrader serverextension
[NotebookApp | INFO] Serving notebooks from local directory: /Users/malte/Dropbox/projects/q-learning-introduction
[NotebookApp | INFO] 0 active kernels 
[NotebookApp | INFO] The Jupyter Notebook is running at: http://localhost:8888/?token=f73cdb3d2ce96731df00057edbd47accff3c0e57ddd71c60
[NotebookApp | INFO] Use Control-C to stop this server and shut down all kernels (twice to skip confirmation).
[NotebookApp | CRITICAL] 
    
    Copy/paste this URL into your browser when you connect for the first time,
    to login with a token:
        http://localhost:8888/?token=f73cdb3d2ce96731df00057edbd47accff3c0e57ddd71c60
[NotebookApp | INFO] Accepting one-time-token-authenticated connection from ::1
[NotebookApp | INFO] Kernel started: bb4a7e16-ed0e-47f1-a072-8b89dda52bba
[NotebookApp | INFO] 302 GET /notebooks/rl1_q_learning/img/q.png (::1) 2.51ms
[NotebookApp | INFO] 302 GET /notebooks/rl1_q_learning/img/agent-environment.png (::1) 1.35ms
[NotebookApp | INFO] 302 GET /notebooks/rl1_q_learning/img/gold.png (::1) 1.16ms
[NotebookApp | INFO] 302 GET /notebooks/rl1_q_learning/img/lc_example.png (::1) 1.21ms
[NotebookApp | INFO] Adapting to protocol v5.1 for kernel bb4a7e16-ed0e-47f1-a072-8b89dda52bba
[NotebookApp | INFO] Kernel started: 35b07ba8-2fb9-4012-bbde-051c5d61e2eb
[NotebookApp | INFO] Adapting to protocol v5.1 for kernel 35b07ba8-2fb9-4012-bbde-051c5d61e2eb
[NotebookApp | INFO] Kernel started: c2b86662-9d83-4cc9-86f4-57281e5a01a6
[NotebookApp | INFO] Adapting to protocol v5.1 for kernel c2b86662-9d83-4cc9-86f4-57281e5a01a6
[NotebookApp | INFO] Copying q_learning/rl1_visualisation.ipynb to /q_learning
[NotebookApp | INFO] Saving file at /q_learning/rl1_visualisation.ipynb
[NotebookApp | INFO] Kernel started: b34f7d91-de12-47de-9068-d024fbfe804d
[NotebookApp | INFO] Adapting to protocol v5.1 for kernel b34f7d91-de12-47de-9068-d024fbfe804d
[NotebookApp | INFO] Saving file at /q_learning/rl1_visualisation.ipynb
[NotebookApp | INFO] Saving file at /q_learning/q_learning_gridworld.ipynb
[NotebookApp | INFO] Saving file at /q_learning/q_learning_gridworld.ipynb
[NotebookApp | INFO] Saving file at /q_learning/rl1_visualisation.ipynb
[NotebookApp | INFO] Saving file at /q_learning/q_learning_gridworld.ipynb
[NotebookApp | INFO] Saving file at /q_learning/rl1_visualisation.ipynb
[NotebookApp | INFO] Saving file at /q_learning/q_learning_gridworld.ipynb
[NotebookApp | INFO] Saving file at /q_learning/rl1_visualisation.ipynb
[NotebookApp | INFO] Saving file at /q_learning/q_learning_gridworld.ipynb
[NotebookApp | INFO] Saving file at /q_learning/q_learning_gridworld.ipynb
[NotebookApp | INFO] Saving file at /q_learning/rl1_visualisation.ipynb
[NotebookApp | INFO] Saving file at /q_learning/q_learning_gridworld.ipynb
[NotebookApp | INFO] Saving file at /q_learning/q_learning_gridworld.ipynb
[NotebookApp | INFO] Saving file at /q_learning/q_learning_gridworld.ipynb
[NotebookApp | INFO] Saving file at /q_learning/rl1_visualisation.ipynb
[NotebookApp | INFO] Saving file at /q_learning/q_learning_gridworld.ipynb
[NotebookApp | INFO] Saving file at /q_learning/rl1_visualisation.ipynb
[NotebookApp | INFO] Saving file at /q_learning/q_learning_gridworld.ipynb
[NotebookApp | INFO] Saving file at /q_learning/rl1_visualisation.ipynb
[NotebookApp | INFO] Saving file at /q_learning/rl1_visualisation.ipynb
[NotebookApp | INFO] Saving file at /q_learning/q_learning_gridworld.ipynb
[NotebookApp | INFO] Kernel restarted: b34f7d91-de12-47de-9068-d024fbfe804d
[NotebookApp | INFO] Adapting to protocol v5.1 for kernel b34f7d91-de12-47de-9068-d024fbfe804d
[NotebookApp | INFO] Saving file at /q_learning/rl1_visualisation.ipynb
[NotebookApp | INFO] Saving file at /q_learning/q_learning_gridworld.ipynb
[NotebookApp | WARNING] No such file or directory: q_learning/q_learning_gridworld.ipynb
[NotebookApp | WARNING] 404 GET /api/contents/q_learning/q_learning_gridworld.ipynb?content=0&_=1563366646281 (::1) 1.25ms referer=http://localhost:8888/notebooks/q_learning/q_learning_gridworld.ipynb
[NotebookApp | INFO] Uploading file to /q_learning/q_learning_gridworld.ipynb
[NotebookApp | ERROR] Error while saving file: q_learning/q_learning_gridworld.ipynb [Errno 2] No such file or directory: '/Users/malte/Dropbox/projects/q-learning-introduction/q_learning/q_learning_gridworld.ipynb'
    Traceback (most recent call last):
      File "/Users/malte/anaconda3/lib/python3.6/site-packages/notebook/services/contents/filemanager.py", line 422, in save
        self._save_notebook(os_path, nb)
      File "/Users/malte/anaconda3/lib/python3.6/site-packages/notebook/services/contents/fileio.py", line 293, in _save_notebook
        with self.atomic_writing(os_path, encoding='utf-8') as f:
      File "/Users/malte/anaconda3/lib/python3.6/contextlib.py", line 81, in __enter__
        return next(self.gen)
      File "/Users/malte/anaconda3/lib/python3.6/site-packages/notebook/services/contents/fileio.py", line 213, in atomic_writing
        with atomic_writing(os_path, *args, log=self.log, **kwargs) as f:
      File "/Users/malte/anaconda3/lib/python3.6/contextlib.py", line 81, in __enter__
        return next(self.gen)
      File "/Users/malte/anaconda3/lib/python3.6/site-packages/notebook/services/contents/fileio.py", line 108, in atomic_writing
        fileobj = io.open(path, 'w', encoding=encoding, **kwargs)
    FileNotFoundError: [Errno 2] No such file or directory: '/Users/malte/Dropbox/projects/q-learning-introduction/q_learning/q_learning_gridworld.ipynb'
[NotebookApp | WARNING] Unexpected error while saving file: q_learning/q_learning_gridworld.ipynb [Errno 2] No such file or directory: '/Users/malte/Dropbox/projects/q-learning-introduction/q_learning/q_learning_gridworld.ipynb'
[NotebookApp | ERROR] {
      "Host": "localhost:8888",
      "Connection": "keep-alive",
      "Content-Length": "287446",
      "Accept": "application/json, text/javascript, */*; q=0.01",
      "Origin": "http://localhost:8888",
      "X-Requested-With": "XMLHttpRequest",
      "X-Xsrftoken": "2|765aeba8|6b5fd5fb3d2fe3fc09424fcd7204ca7b|1562939298",
      "User-Agent": "Mozilla/5.0 (Macintosh; Intel Mac OS X 10_14_4) AppleWebKit/537.36 (KHTML, like Gecko) Chrome/75.0.3770.142 Safari/537.36",
      "Content-Type": "application/json",
      "Referer": "http://localhost:8888/notebooks/q_learning/q_learning_gridworld.ipynb",
      "Accept-Encoding": "gzip, deflate, br",
      "Accept-Language": "en-US,en;q=0.9",
      "Cookie": "Webstorm-a39a2e45=865bfcfe-b882-410c-86bd-c34247c873b4; _ga=GA1.1.2041794926.1540487220; _xsrf=2|765aeba8|6b5fd5fb3d2fe3fc09424fcd7204ca7b|1562939298; username-localhost-8889=\"2|1:0|10:1562941711|23:username-localhost-8889|44:MWE3NzU4MmEyYzFhNGVjZWE0NDAwZmM2MWYzZDkyZDg=|1fad7dfa25a8877661360e9be6542d2d542aa4f3791835acee733736ab2f62dd\"; username-localhost-8888=\"2|1:0|10:1563355416|23:username-localhost-8888|44:ZWRmNTZiMjY4OWQxNGQ5N2IxMzZhZDFjMWIzOTA5MmQ=|96d4dbbe649789c84eea9219cd910c1ff591b67c172df2e4a906cfbf6f18ecd1\""
    }
[NotebookApp | ERROR] 500 PUT /api/contents/q_learning/q_learning_gridworld.ipynb (::1) 12.24ms referer=http://localhost:8888/notebooks/q_learning/q_learning_gridworld.ipynb
[NotebookApp | WARNING] 404 GET /files/q_learning/q_learning_gridworld.ipynb?download=1 (::1): No such file or directory: q_learning/q_learning_gridworld.ipynb
[NotebookApp | WARNING] 404 GET /files/q_learning/q_learning_gridworld.ipynb?download=1 (::1) 15.82ms referer=http://localhost:8888/notebooks/q_learning/q_learning_gridworld.ipynb
[NotebookApp | INFO] Saving file at /q_learning/q_learning_gridworld.ipynb
[NotebookApp | INFO] Saving file at /q_learning/q_learning_gridworld.ipynb
[NotebookApp | INFO] Kernel started: 75d819b2-9235-4404-9d3d-34604235a8f8
[NotebookApp | INFO] Adapting to protocol v5.1 for kernel 75d819b2-9235-4404-9d3d-34604235a8f8
[NotebookApp | INFO] Kernel restarted: 75d819b2-9235-4404-9d3d-34604235a8f8
[NotebookApp | INFO] Adapting to protocol v5.1 for kernel 75d819b2-9235-4404-9d3d-34604235a8f8
[NotebookApp | INFO] Saving file at /q_learning_gridworld.ipynb
[NotebookApp | INFO] Kernel restarted: 75d819b2-9235-4404-9d3d-34604235a8f8
[NotebookApp | INFO] Adapting to protocol v5.1 for kernel 75d819b2-9235-4404-9d3d-34604235a8f8
[NotebookApp | INFO] Saving file at /q_learning_gridworld.ipynb
[NotebookApp | INFO] Saving file at /q_learning_gridworld.ipynb
[NotebookApp | INFO] Kernel restarted: 75d819b2-9235-4404-9d3d-34604235a8f8
[NotebookApp | INFO] Adapting to protocol v5.1 for kernel 75d819b2-9235-4404-9d3d-34604235a8f8
[NotebookApp | INFO] Saving file at /q_learning_gridworld.ipynb
[NotebookApp | INFO] Kernel restarted: 75d819b2-9235-4404-9d3d-34604235a8f8
[NotebookApp | INFO] Adapting to protocol v5.1 for kernel 75d819b2-9235-4404-9d3d-34604235a8f8
[NotebookApp | INFO] Saving file at /q_learning_gridworld.ipynb
[NotebookApp | INFO] Saving file at /q_learning_gridworld.ipynb
[NotebookApp | INFO] Saving file at /q_learning_gridworld.ipynb
[NotebookApp | INFO] Saving file at /q_learning_gridworld.ipynb
[NotebookApp | INFO] Saving file at /q_learning_gridworld.ipynb
[NotebookApp | INFO] Saving file at /q_learning_gridworld.ipynb
[NotebookApp | INFO] Saving file at /q_learning_gridworld.ipynb
[NotebookApp | INFO] Saving file at /q_learning_gridworld.ipynb
[NotebookApp | INFO] Saving file at /q_learning_gridworld.ipynb
[NotebookApp | INFO] Saving file at /q_learning_gridworld.ipynb
[NotebookApp | INFO] Saving file at /q_learning_gridworld.ipynb
[NotebookApp | INFO] Saving file at /q_learning_gridworld.ipynb
[NotebookApp | INFO] Saving file at /q_learning_gridworld.ipynb
[NotebookApp | INFO] Saving file at /q_learning_gridworld.ipynb
[NotebookApp | INFO] Saving file at /q_learning_gridworld.ipynb
[NotebookApp | INFO] Saving file at /q_learning_gridworld.ipynb
[NotebookApp | INFO] Saving file at /q_learning_gridworld.ipynb
[NotebookApp | INFO] Saving file at /q_learning_gridworld.ipynb
[NotebookApp | INFO] Saving file at /q_learning_gridworld.ipynb
[NotebookApp | INFO] Saving file at /q_learning_gridworld.ipynb
[NotebookApp | INFO] Saving file at /q_learning_gridworld.ipynb
[NotebookApp | INFO] Saving file at /q_learning_gridworld.ipynb
[NotebookApp | INFO] Saving file at /q_learning_gridworld.ipynb
[NotebookApp | INFO] Saving file at /q_learning_gridworld.ipynb
[NotebookApp | INFO] Kernel restarted: 75d819b2-9235-4404-9d3d-34604235a8f8
[NotebookApp | WARNING] zmq message arrived on closed channel
[NotebookApp | INFO] Adapting to protocol v5.1 for kernel 75d819b2-9235-4404-9d3d-34604235a8f8
[NotebookApp | INFO] Saving file at /q_learning_gridworld.ipynb
[NotebookApp | INFO] Saving file at /q_learning_gridworld.ipynb
[NotebookApp | INFO] Saving file at /q_learning_gridworld.ipynb
[NotebookApp | INFO] Saving file at /q_learning_gridworld.ipynb
[NotebookApp | INFO] Saving file at /q_learning_gridworld.ipynb
[NotebookApp | INFO] Saving file at /q_learning_gridworld.ipynb
[NotebookApp | INFO] Saving file at /q_learning_gridworld.ipynb
[NotebookApp | INFO] Saving file at /q_learning_gridworld.ipynb
[NotebookApp | INFO] Saving file at /q_learning_gridworld.ipynb
[NotebookApp | INFO] Saving file at /q_learning_gridworld.ipynb
[NotebookApp | INFO] Saving file at /q_learning_gridworld.ipynb
[NotebookApp | INFO] Saving file at /q_learning_gridworld.ipynb
[NotebookApp | WARNING] 404 GET /static/components/preact/preact.min.js.map (::1) 3.44ms referer=None
[NotebookApp | WARNING] 404 GET /static/components/proptypes/index.js.map (::1) 2.28ms referer=None
[NotebookApp | WARNING] 404 GET /static/components/preact-compat/preact-compat.min.js.map (::1) 2.41ms referer=None
[NotebookApp | INFO] Saving file at /q_learning_gridworld.ipynb
[NotebookApp | INFO] Saving file at /q_learning_gridworld.ipynb
[NotebookApp | INFO] Saving file at /q_learning_gridworld.ipynb
[NotebookApp | INFO] Kernel started: 929660d5-1c93-470f-9e78-f30a109da24f
[NotebookApp | INFO] Adapting to protocol v5.1 for kernel 929660d5-1c93-470f-9e78-f30a109da24f
[NotebookApp | INFO] Kernel restarted: 929660d5-1c93-470f-9e78-f30a109da24f
[NotebookApp | INFO] Adapting to protocol v5.1 for kernel 929660d5-1c93-470f-9e78-f30a109da24f
[NotebookApp | INFO] Saving file at /q_learning_gridworld.ipynb
[NotebookApp | INFO] Saving file at /rl1_visualisation.ipynb
[NotebookApp | WARNING] 404 GET /static/components/preact/preact.min.js.map (::1) 2.42ms referer=None
[NotebookApp | WARNING] 404 GET /static/components/proptypes/index.js.map (::1) 1.55ms referer=None
[NotebookApp | WARNING] 404 GET /static/components/preact-compat/preact-compat.min.js.map (::1) 1.95ms referer=None
[NotebookApp | WARNING] 404 GET /static/components/preact/preact.min.js.map (::1) 2.03ms referer=None
[NotebookApp | WARNING] 404 GET /static/components/preact-compat/preact-compat.min.js.map (::1) 7.00ms referer=None
[NotebookApp | WARNING] 404 GET /static/components/proptypes/index.js.map (::1) 2.21ms referer=None
[NotebookApp | INFO] Saving file at /q_learning_gridworld.ipynb
[NotebookApp | INFO] Saving file at /q_learning_gridworld.ipynb
[NotebookApp | INFO] Saving file at /q_learning_gridworld.ipynb
[NotebookApp | INFO] Kernel restarted: 75d819b2-9235-4404-9d3d-34604235a8f8
[NotebookApp | INFO] Adapting to protocol v5.1 for kernel 75d819b2-9235-4404-9d3d-34604235a8f8
[NotebookApp | INFO] Saving file at /q_learning_gridworld.ipynb
[NotebookApp | INFO] Saving file at /q_learning_gridworld.ipynb
[NotebookApp | INFO] Saving file at /q_learning_gridworld.ipynb
[NotebookApp | INFO] Saving file at /q_learning_gridworld.ipynb
[NotebookApp | INFO] Saving file at /q_learning_gridworld.ipynb
[NotebookApp | INFO] Saving file at /q_learning_gridworld.ipynb
[NotebookApp | INFO] Saving file at /q_learning_gridworld.ipynb
[NotebookApp | INFO] Saving file at /q_learning_gridworld.ipynb
[NotebookApp | INFO] Saving file at /q_learning_gridworld.ipynb
[NotebookApp | WARNING] 404 GET /static/components/preact/preact.min.js.map (::1) 2.29ms referer=None
[NotebookApp | WARNING] 404 GET /static/components/proptypes/index.js.map (::1) 2.21ms referer=None
[NotebookApp | WARNING] 404 GET /static/components/preact-compat/preact-compat.min.js.map (::1) 1.92ms referer=None
[NotebookApp | INFO] Saving file at /q_learning_gridworld.ipynb
[NotebookApp | INFO] Saving file at /q_learning_gridworld.ipynb
[NotebookApp | INFO] Saving file at /q_learning_gridworld.ipynb
[NotebookApp | INFO] Saving file at /q_learning_gridworld.ipynb
[NotebookApp | INFO] Saving file at /q_learning_gridworld.ipynb
[NotebookApp | INFO] Saving file at /q_learning_gridworld.ipynb
[NotebookApp | INFO] Saving file at /q_learning_gridworld.ipynb
[NotebookApp | WARNING] 404 GET /favicon.ico (::1) 4.00ms referer=http://localhost:8888/view/rl1_q_learning/rl1_q_learning.zip
[NotebookApp | INFO] 302 GET /notebooks/rl1_q_learning/img/agent-environment.png (::1) 2.49ms
[NotebookApp | INFO] 302 GET /notebooks/rl1_q_learning/img/lc_example.png (::1) 2.21ms
[NotebookApp | INFO] 302 GET /notebooks/rl1_q_learning/img/q.png (::1) 1.42ms
[NotebookApp | INFO] 302 GET /notebooks/rl1_q_learning/img/gold.png (::1) 0.93ms
[NotebookApp | INFO] Adapting to protocol v5.1 for kernel bb4a7e16-ed0e-47f1-a072-8b89dda52bba
[NotebookApp | WARNING] 404 GET /notebooks/img/q.png (::1): No such file or directory: img/q.png
[NotebookApp | WARNING] 404 GET /notebooks/img/q.png (::1) 2.14ms referer=http://localhost:8888/notebooks/q_learning_gridworld.ipynb
[NotebookApp | INFO] 302 GET /notebooks/images/q.png (::1) 1.31ms
[NotebookApp | INFO] Saving file at /q_learning_gridworld.ipynb
[NotebookApp | INFO] Saving file at /q_learning_gridworld.ipynb
[NotebookApp | INFO] Saving file at /q_learning_gridworld.ipynb
[NotebookApp | INFO] Saving file at /q_learning_gridworld.ipynb
[NotebookApp | INFO] Saving file at /q_learning_gridworld.ipynb
[NotebookApp | INFO] Saving file at /q_learning_gridworld.ipynb
[NotebookApp | INFO] Saving file at /q_learning_gridworld.ipynb
[NotebookApp | INFO] Saving file at /q_learning_gridworld.ipynb
[NotebookApp | INFO] Saving file at /q_learning_gridworld.ipynb
[NotebookApp | INFO] Saving file at /q_learning_gridworld.ipynb
[NotebookApp | INFO] Saving file at /q_learning_gridworld.ipynb
[NotebookApp | INFO] Saving file at /q_learning_gridworld.ipynb
[NotebookApp | INFO] Kernel interrupted: bb4a7e16-ed0e-47f1-a072-8b89dda52bba
[NotebookApp | INFO] Saving file at /q_learning_gridworld.ipynb
[NotebookApp | WARNING] 404 GET /notebooks/img/agent-environment.png (::1): No such file or directory: img/agent-environment.png
[NotebookApp | WARNING] 404 GET /notebooks/img/agent-environment.png (::1) 2.11ms referer=http://localhost:8888/notebooks/q_learning_gridworld.ipynb
[NotebookApp | INFO] Saving file at /q_learning_gridworld.ipynb
[NotebookApp | INFO] 302 GET /notebooks/images/agent-environment.png (::1) 1.40ms
[NotebookApp | INFO] Saving file at /q_learning_gridworld.ipynb
[NotebookApp | INFO] Saving file at /q_learning_gridworld.ipynb
[NotebookApp | INFO] Saving file at /q_learning_gridworld.ipynb
[NotebookApp | INFO] Saving file at /q_learning_gridworld.ipynb
[NotebookApp | INFO] Saving file at /q_learning_gridworld.ipynb
[NotebookApp | INFO] Saving file at /q_learning_gridworld.ipynb
[NotebookApp | INFO] Saving file at /q_learning_gridworld.ipynb
[NotebookApp | INFO] Saving file at /q_learning_gridworld.ipynb
[NotebookApp | INFO] Saving file at /q_learning_gridworld.ipynb
[NotebookApp | INFO] Saving file at /q_learning_gridworld.ipynb
[NotebookApp | INFO] Saving file at /q_learning_gridworld.ipynb
[NotebookApp | INFO] Saving file at /q_learning_gridworld.ipynb
[NotebookApp | INFO] Saving file at /q_learning_gridworld.ipynb
[NotebookApp | INFO] Saving file at /q_learning_gridworld.ipynb
[NotebookApp | INFO] Saving file at /q_learning_gridworld.ipynb
[NotebookApp | INFO] Saving file at /q_learning_gridworld.ipynb
[NotebookApp | INFO] Saving file at /q_learning_gridworld.ipynb
[NotebookApp | INFO] Saving file at /q_learning_gridworld.ipynb
[NotebookApp | INFO] Saving file at /q_learning_gridworld.ipynb
[NotebookApp | INFO] Kernel restarted: 75d819b2-9235-4404-9d3d-34604235a8f8
[NotebookApp | INFO] Adapting to protocol v5.1 for kernel 75d819b2-9235-4404-9d3d-34604235a8f8
[NotebookApp | INFO] Saving file at /q_learning_gridworld.ipynb
[NotebookApp | INFO] Kernel restarted: 75d819b2-9235-4404-9d3d-34604235a8f8
[NotebookApp | INFO] Adapting to protocol v5.1 for kernel 75d819b2-9235-4404-9d3d-34604235a8f8
[NotebookApp | INFO] Saving file at /q_learning_gridworld.ipynb
[NotebookApp | INFO] Saving file at /q_learning_gridworld.ipynb
[NotebookApp | INFO] 302 GET /notebooks/images/withAgent.pdf (::1) 1.61ms
[NotebookApp | INFO] Saving file at /q_learning_gridworld.ipynb
[NotebookApp | INFO] Saving file at /q_learning_gridworld.ipynb
[NotebookApp | INFO] 302 GET /notebooks/images/withAgent.pdf (::1) 1.34ms
[NotebookApp | INFO] 302 GET /notebooks/images/withAgent.png (::1) 1.49ms
[NotebookApp | INFO] Saving file at /q_learning_gridworld.ipynb
[NotebookApp | INFO] Saving file at /q_learning_gridworld.ipynb
[NotebookApp | INFO] Saving file at /q_learning_gridworld.ipynb
[NotebookApp | INFO] Saving file at /q_learning_gridworld.ipynb
[NotebookApp | INFO] Saving file at /q_learning_gridworld.ipynb
[NotebookApp | INFO] Saving file at /q_learning_gridworld.ipynb
[NotebookApp | INFO] Saving file at /q_learning_gridworld.ipynb
[NotebookApp | INFO] Saving file at /q_learning_gridworld.ipynb
[NotebookApp | WARNING] 404 GET /static/components/preact/preact.min.js.map (::1) 5.78ms referer=None
[NotebookApp | WARNING] 404 GET /static/components/preact-compat/preact-compat.min.js.map (::1) 2.62ms referer=None
[NotebookApp | WARNING] 404 GET /static/components/proptypes/index.js.map (::1) 2.92ms referer=None
[NotebookApp | INFO] Saving file at /q_learning_gridworld.ipynb
[NotebookApp | INFO] Saving file at /q_learning_gridworld.ipynb
[NotebookApp | INFO] Saving file at /q_learning_gridworld.ipynb
[NotebookApp | INFO] Kernel restarted: 75d819b2-9235-4404-9d3d-34604235a8f8
[NotebookApp | INFO] Adapting to protocol v5.1 for kernel 75d819b2-9235-4404-9d3d-34604235a8f8
[NotebookApp | INFO] Saving file at /q_learning_gridworld.ipynb
[NotebookApp | INFO] Saving file at /q_learning_gridworld.ipynb
[NotebookApp | INFO] Saving file at /q_learning_gridworld.ipynb
[NotebookApp | INFO] Saving file at /q_learning_gridworld.ipynb
[NotebookApp | INFO] Kernel interrupted: 75d819b2-9235-4404-9d3d-34604235a8f8
[NotebookApp | INFO] Saving file at /q_learning_gridworld.ipynb
[NotebookApp | INFO] Saving file at /q_learning_gridworld.ipynb
[NotebookApp | INFO] Kernel restarted: 75d819b2-9235-4404-9d3d-34604235a8f8
[NotebookApp | INFO] Adapting to protocol v5.1 for kernel 75d819b2-9235-4404-9d3d-34604235a8f8
[NotebookApp | INFO] Saving file at /q_learning_gridworld.ipynb
[NotebookApp | INFO] Kernel interrupted: 75d819b2-9235-4404-9d3d-34604235a8f8
[NotebookApp | INFO] Saving file at /q_learning_gridworld.ipynb
[NotebookApp | INFO] Saving file at /q_learning_gridworld.ipynb
[NotebookApp | INFO] Saving file at /q_learning_gridworld.ipynb
[NotebookApp | INFO] Saving file at /q_learning_gridworld.ipynb
[NotebookApp | INFO] Saving file at /q_learning_gridworld.ipynb
[NotebookApp | INFO] Saving file at /q_learning_gridworld.ipynb
[NotebookApp | INFO] Saving file at /q_learning_gridworld.ipynb
[NotebookApp | INFO] Kernel interrupted: 75d819b2-9235-4404-9d3d-34604235a8f8
[NotebookApp | INFO] Saving file at /q_learning_gridworld.ipynb
[NotebookApp | INFO] Saving file at /q_learning_gridworld.ipynb
[NotebookApp | INFO] Kernel interrupted: 75d819b2-9235-4404-9d3d-34604235a8f8
[NotebookApp | INFO] Saving file at /q_learning_gridworld.ipynb
[NotebookApp | INFO] Saving file at /q_learning_gridworld.ipynb
[NotebookApp | INFO] Saving file at /q_learning_gridworld.ipynb
[NotebookApp | INFO] Saving file at /q_learning_gridworld.ipynb
[NotebookApp | INFO] Saving file at /q_learning_gridworld.ipynb
[NotebookApp | INFO] Saving file at /q_learning_gridworld.ipynb
[NotebookApp | INFO] Kernel interrupted: 75d819b2-9235-4404-9d3d-34604235a8f8
[NotebookApp | INFO] Saving file at /q_learning_gridworld.ipynb
[NotebookApp | INFO] Saving file at /q_learning_gridworld.ipynb
[NotebookApp | INFO] Saving file at /q_learning_gridworld.ipynb
[NotebookApp | INFO] Saving file at /q_learning_gridworld.ipynb
[NotebookApp | INFO] Kernel interrupted: 75d819b2-9235-4404-9d3d-34604235a8f8
[NotebookApp | INFO] Saving file at /q_learning_gridworld.ipynb
[NotebookApp | INFO] Saving file at /q_learning_gridworld.ipynb
[NotebookApp | INFO] Kernel interrupted: 75d819b2-9235-4404-9d3d-34604235a8f8
[NotebookApp | INFO] Kernel restarted: 75d819b2-9235-4404-9d3d-34604235a8f8
[NotebookApp | INFO] Adapting to protocol v5.1 for kernel 75d819b2-9235-4404-9d3d-34604235a8f8
[NotebookApp | INFO] Saving file at /q_learning_gridworld.ipynb
[NotebookApp | INFO] Saving file at /q_learning_gridworld.ipynb
[NotebookApp | INFO] Kernel restarted: 75d819b2-9235-4404-9d3d-34604235a8f8
[NotebookApp | INFO] Adapting to protocol v5.1 for kernel 75d819b2-9235-4404-9d3d-34604235a8f8
[NotebookApp | INFO] Saving file at /q_learning_gridworld.ipynb
[NotebookApp | INFO] Saving file at /q_learning_gridworld.ipynb
[NotebookApp | INFO] Kernel restarted: 75d819b2-9235-4404-9d3d-34604235a8f8
[NotebookApp | INFO] Adapting to protocol v5.1 for kernel 75d819b2-9235-4404-9d3d-34604235a8f8
[NotebookApp | INFO] Kernel interrupted: 75d819b2-9235-4404-9d3d-34604235a8f8
[NotebookApp | INFO] Saving file at /q_learning_gridworld.ipynb
[NotebookApp | INFO] Kernel interrupted: 75d819b2-9235-4404-9d3d-34604235a8f8
[NotebookApp | INFO] Saving file at /q_learning_gridworld.ipynb
[NotebookApp | INFO] Saving file at /q_learning_gridworld.ipynb
[NotebookApp | INFO] Kernel interrupted: 75d819b2-9235-4404-9d3d-34604235a8f8
[NotebookApp | INFO] Saving file at /q_learning_gridworld.ipynb
[NotebookApp | INFO] Saving file at /q_learning_gridworld.ipynb
[NotebookApp | INFO] Saving file at /q_learning_gridworld.ipynb
[NotebookApp | INFO] Kernel interrupted: 75d819b2-9235-4404-9d3d-34604235a8f8
[NotebookApp | INFO] Saving file at /q_learning_gridworld.ipynb
[NotebookApp | INFO] Kernel restarted: 75d819b2-9235-4404-9d3d-34604235a8f8
[NotebookApp | INFO] Adapting to protocol v5.1 for kernel 75d819b2-9235-4404-9d3d-34604235a8f8
[NotebookApp | INFO] Kernel interrupted: 75d819b2-9235-4404-9d3d-34604235a8f8
[NotebookApp | INFO] Kernel interrupted: 75d819b2-9235-4404-9d3d-34604235a8f8
[NotebookApp | INFO] Saving file at /q_learning_gridworld.ipynb
[NotebookApp | INFO] Saving file at /q_learning_gridworld.ipynb
[NotebookApp | INFO] Saving file at /q_learning_gridworld.ipynb
[NotebookApp | INFO] Saving file at /q_learning_gridworld.ipynb
[NotebookApp | INFO] Saving file at /q_learning_gridworld.ipynb
[NotebookApp | INFO] Saving file at /q_learning_gridworld.ipynb
[NotebookApp | INFO] Kernel restarted: 75d819b2-9235-4404-9d3d-34604235a8f8
[NotebookApp | INFO] Adapting to protocol v5.1 for kernel 75d819b2-9235-4404-9d3d-34604235a8f8
[NotebookApp | INFO] Saving file at /q_learning_gridworld.ipynb
[NotebookApp | INFO] Saving file at /q_learning_gridworld.ipynb
[NotebookApp | INFO] Saving file at /q_learning_gridworld.ipynb
[NotebookApp | INFO] Saving file at /q_learning_gridworld.ipynb
[NotebookApp | INFO] Saving file at /q_learning_gridworld.ipynb
[NotebookApp | INFO] Saving file at /q_learning_gridworld.ipynb
[NotebookApp | INFO] Saving file at /q_learning_gridworld.ipynb
[NotebookApp | INFO] Saving file at /q_learning_gridworld.ipynb
[NotebookApp | INFO] Saving file at /q_learning_gridworld.ipynb
[NotebookApp | INFO] Saving file at /q_learning_gridworld.ipynb
[NotebookApp | INFO] Saving file at /q_learning_gridworld.ipynb
[NotebookApp | INFO] Saving file at /q_learning_gridworld.ipynb
[NotebookApp | INFO] Saving file at /q_learning_gridworld.ipynb
[NotebookApp | INFO] Saving file at /q_learning_gridworld.ipynb
[NotebookApp | INFO] Saving file at /q_learning_gridworld.ipynb
[NotebookApp | INFO] Saving file at /q_learning_gridworld.ipynb
[NotebookApp | INFO] Saving file at /q_learning_gridworld.ipynb
[NotebookApp | INFO] Kernel restarted: 75d819b2-9235-4404-9d3d-34604235a8f8
[NotebookApp | INFO] Adapting to protocol v5.1 for kernel 75d819b2-9235-4404-9d3d-34604235a8f8
[NotebookApp | INFO] Saving file at /q_learning_gridworld.ipynb
[NotebookApp | INFO] Kernel restarted: 75d819b2-9235-4404-9d3d-34604235a8f8
[NotebookApp | INFO] Adapting to protocol v5.1 for kernel 75d819b2-9235-4404-9d3d-34604235a8f8
[NotebookApp | INFO] Saving file at /q_learning_gridworld.ipynb
